<?xml version="1.0" encoding="UTF-8"?>
<!-- Generated by org.testng.reporters.JUnitXMLReporter -->
<testsuite ignored="0" hostname="DESKTOP-EP300T1" failures="0" tests="10" name="ChromeTest" time="1080.647" errors="0" timestamp="2023-12-20T09:16:17 IST">
  <testcase classname="testcase.TC001_ChooseCountry" name="clickCountry" time="0.655"/>
  <testcase classname="testcase.TC002_Register" name="registerTest" time="33.619"/>
  <testcase classname="testcase.TC003_RegisterNega" name="registerNegative" time="24.626"/>
  <testcase classname="testcase.TC004_SignIn" name="signInTest" time="34.888"/>
  <testcase classname="testcase.TC005_SignInNega" name="signInTestNega" time="28.801"/>
  <testcase classname="testcase.TC008_MenuTitles" name="menuTest" time="94.088"/>
  <testcase classname="testcase.TC009_AddItem" name="addItemToCart" time="256.969"/>
  <testcase classname="testcase.TC010_SaveAnItem" name="saveAnItemTest" time="28.112"/>
  <testcase classname="testcase.TC012_RemoveAnItem" name="removeItem" time="121.61"/>
  <testcase classname="testcase.TC013_ForgetPassword" name="forgetPasswordTest" time="25.266"/>
</testsuite> <!-- ChromeTest -->
