<?xml version="1.0" encoding="UTF-8"?>
<!-- Generated by org.testng.reporters.JUnitXMLReporter -->
<testsuite ignored="0" hostname="DESKTOP-EP300T1" failures="0" tests="4" name="EdgeTest" time="378.515" errors="0" timestamp="2023-12-20T09:22:38 IST">
  <testcase classname="testcase.TC006_BrokenLink" name="brokenLink" time="10.67"/>
  <testcase classname="testcase.TC007_BottomLink" name="BottomLink" time="7.407"/>
  <testcase classname="testcase.TC011_HeadlessBrowser" name="verifyTitle" time="174.607"/>
  <testcase classname="testcase.TC014_FilterAnItem" name="filterAnItem" time="51.365"/>
</testsuite> <!-- EdgeTest -->
