<?xml version="1.0" encoding="UTF-8"?>
<testng-results ignored="0" total="14" passed="14" failed="0" skipped="0">
  <reporter-output>
  </reporter-output>
  <suite started-at="2023-12-20T08:58:15 IST" name="Suite" finished-at="2023-12-20T09:22:37 IST" duration-ms="1462061">
    <groups>
    </groups>
    <test started-at="2023-12-20T08:58:15 IST" name="ChromeTest" finished-at="2023-12-20T09:16:16 IST" duration-ms="1080647">
      <class name="testcase.TC005_SignInNega">
        <test-method is-config="true" signature="setup()[pri:0, instance:testcase.TC005_SignInNega@49964d75]" started-at="2023-12-20T08:58:15 IST" name="setup" finished-at="2023-12-20T08:58:15 IST" duration-ms="0" status="PASS">
          <reporter-output>
          </reporter-output>
        </test-method> <!-- setup -->
        <test-method is-config="true" signature="browserLaunch(java.lang.String,java.lang.String)[pri:0, instance:testcase.TC005_SignInNega@49964d75]" started-at="2023-12-20T09:02:45 IST" name="browserLaunch" finished-at="2023-12-20T09:03:18 IST" duration-ms="33313" status="PASS">
          <params>
            <param index="0">
              <value>
                <![CDATA[https://www.bestbuy.com/]]>
              </value>
            </param>
            <param index="1">
              <value>
                <![CDATA[chrome]]>
              </value>
            </param>
          </params>
          <reporter-output>
          </reporter-output>
        </test-method> <!-- browserLaunch -->
        <test-method signature="signInTestNega(java.lang.String,java.lang.String)[pri:0, instance:testcase.TC005_SignInNega@49964d75]" started-at="2023-12-20T09:03:18 IST" name="signInTestNega" data-provider="getData" finished-at="2023-12-20T09:03:47 IST" duration-ms="28801" status="PASS">
          <params>
            <param index="0">
              <value>
                <![CDATA[project0304@gmail.com]]>
              </value>
            </param>
            <param index="1">
              <value>
                <![CDATA[Delhi@123]]>
              </value>
            </param>
          </params>
          <reporter-output>
          </reporter-output>
        </test-method> <!-- signInTestNega -->
        <test-method is-config="true" signature="closeBrowser()[pri:0, instance:testcase.TC005_SignInNega@49964d75]" started-at="2023-12-20T09:03:47 IST" name="closeBrowser" finished-at="2023-12-20T09:03:48 IST" duration-ms="478" status="PASS">
          <reporter-output>
          </reporter-output>
        </test-method> <!-- closeBrowser -->
      </class> <!-- testcase.TC005_SignInNega -->
      <class name="testcase.TC002_Register">
        <test-method is-config="true" signature="setup()[pri:0, instance:testcase.TC002_Register@4b40f651]" started-at="2023-12-20T08:58:15 IST" name="setup" finished-at="2023-12-20T08:58:15 IST" duration-ms="9" status="PASS">
          <reporter-output>
          </reporter-output>
        </test-method> <!-- setup -->
        <test-method is-config="true" signature="browserLaunch(java.lang.String,java.lang.String)[pri:0, instance:testcase.TC002_Register@4b40f651]" started-at="2023-12-20T08:59:18 IST" name="browserLaunch" finished-at="2023-12-20T08:59:52 IST" duration-ms="33921" status="PASS">
          <params>
            <param index="0">
              <value>
                <![CDATA[https://www.bestbuy.com/]]>
              </value>
            </param>
            <param index="1">
              <value>
                <![CDATA[chrome]]>
              </value>
            </param>
          </params>
          <reporter-output>
          </reporter-output>
        </test-method> <!-- browserLaunch -->
        <test-method signature="registerTest(java.lang.String,java.lang.String,java.lang.String,java.lang.String,java.lang.String,java.lang.String)[pri:0, instance:testcase.TC002_Register@4b40f651]" started-at="2023-12-20T08:59:52 IST" name="registerTest" data-provider="getData" finished-at="2023-12-20T09:00:26 IST" duration-ms="33619" status="PASS">
          <params>
            <param index="0">
              <value>
                <![CDATA[Input]]>
              </value>
            </param>
            <param index="1">
              <value>
                <![CDATA[User]]>
              </value>
            </param>
            <param index="2">
              <value>
                <![CDATA[project0304@gmail.com]]>
              </value>
            </param>
            <param index="3">
              <value>
                <![CDATA[Madras@123]]>
              </value>
            </param>
            <param index="4">
              <value>
                <![CDATA[Madras@123]]>
              </value>
            </param>
            <param index="5">
              <value>
                <![CDATA[8912456787]]>
              </value>
            </param>
          </params>
          <reporter-output>
          </reporter-output>
        </test-method> <!-- registerTest -->
        <test-method is-config="true" signature="closeBrowser()[pri:0, instance:testcase.TC002_Register@4b40f651]" started-at="2023-12-20T09:00:26 IST" name="closeBrowser" finished-at="2023-12-20T09:00:27 IST" duration-ms="1256" status="PASS">
          <reporter-output>
          </reporter-output>
        </test-method> <!-- closeBrowser -->
      </class> <!-- testcase.TC002_Register -->
      <class name="testcase.TC008_MenuTitles">
        <test-method is-config="true" signature="setup()[pri:0, instance:testcase.TC008_MenuTitles@528c868]" started-at="2023-12-20T08:58:15 IST" name="setup" finished-at="2023-12-20T08:58:15 IST" duration-ms="0" status="PASS">
          <reporter-output>
          </reporter-output>
        </test-method> <!-- setup -->
        <test-method is-config="true" signature="browserLaunch(java.lang.String,java.lang.String)[pri:0, instance:testcase.TC008_MenuTitles@528c868]" started-at="2023-12-20T09:03:48 IST" name="browserLaunch" finished-at="2023-12-20T09:04:23 IST" duration-ms="34463" status="PASS">
          <params>
            <param index="0">
              <value>
                <![CDATA[https://www.bestbuy.com/]]>
              </value>
            </param>
            <param index="1">
              <value>
                <![CDATA[chrome]]>
              </value>
            </param>
          </params>
          <reporter-output>
          </reporter-output>
        </test-method> <!-- browserLaunch -->
        <test-method signature="menuTest(java.lang.String,java.lang.String,java.lang.String,java.lang.String,java.lang.String,java.lang.String,java.lang.String,java.lang.String,java.lang.String)[pri:0, instance:testcase.TC008_MenuTitles@528c868]" started-at="2023-12-20T09:04:23 IST" name="menuTest" data-provider="getData" finished-at="2023-12-20T09:05:57 IST" duration-ms="94088" status="PASS">
          <params>
            <param index="0">
              <value>
                <![CDATA[Sales and Promotions at Best Buy: On Sale Electronics, Coupons and Promo Codes]]>
              </value>
            </param>
            <param index="1">
              <value>
                <![CDATA[Gifts Cards and E-Gift Cards - Best Buy]]>
              </value>
            </param>
            <param index="2">
              <value>
                <![CDATA[Gift Ideas]]>
              </value>
            </param>
            <param index="3">
              <value>
                <![CDATA[Top Deals and Featured Offers on Electronics - Best Buy]]>
              </value>
            </param>
            <param index="4">
              <value>
                <![CDATA[Deal of the Day: Electronics Deals - Best Buy]]>
              </value>
            </param>
            <param index="5">
              <value>
                <![CDATA[Yes, Best Buy Sells That – Best Buy]]>
              </value>
            </param>
            <param index="6">
              <value>
                <![CDATA[My Best Buy Memberships]]>
              </value>
            </param>
            <param index="7">
              <value>
                <![CDATA[Best Buy Credit Card: Rewards & Financing]]>
              </value>
            </param>
            <param index="8">
              <value>
                <![CDATA[St. Jude Children's Research Hospital - Best Buy]]>
              </value>
            </param>
          </params>
          <reporter-output>
          </reporter-output>
        </test-method> <!-- menuTest -->
        <test-method is-config="true" signature="closeBrowser()[pri:0, instance:testcase.TC008_MenuTitles@528c868]" started-at="2023-12-20T09:05:57 IST" name="closeBrowser" finished-at="2023-12-20T09:06:14 IST" duration-ms="17739" status="PASS">
          <reporter-output>
          </reporter-output>
        </test-method> <!-- closeBrowser -->
      </class> <!-- testcase.TC008_MenuTitles -->
      <class name="testcase.TC001_ChooseCountry">
        <test-method is-config="true" signature="browserLaunch(java.lang.String,java.lang.String)[pri:0, instance:testcase.TC001_ChooseCountry@5f9be66c]" started-at="2023-12-20T08:58:15 IST" name="browserLaunch" finished-at="2023-12-20T08:59:14 IST" duration-ms="58619" status="PASS">
          <params>
            <param index="0">
              <value>
                <![CDATA[https://www.bestbuy.com/]]>
              </value>
            </param>
            <param index="1">
              <value>
                <![CDATA[chrome]]>
              </value>
            </param>
          </params>
          <reporter-output>
          </reporter-output>
        </test-method> <!-- browserLaunch -->
        <test-method signature="clickCountry()[pri:0, instance:testcase.TC001_ChooseCountry@5f9be66c]" started-at="2023-12-20T08:59:14 IST" name="clickCountry" finished-at="2023-12-20T08:59:15 IST" duration-ms="655" status="PASS">
          <reporter-output>
          </reporter-output>
        </test-method> <!-- clickCountry -->
        <test-method is-config="true" signature="closeBrowser()[pri:0, instance:testcase.TC001_ChooseCountry@5f9be66c]" started-at="2023-12-20T08:59:15 IST" name="closeBrowser" finished-at="2023-12-20T08:59:15 IST" duration-ms="856" status="PASS">
          <reporter-output>
          </reporter-output>
        </test-method> <!-- closeBrowser -->
      </class> <!-- testcase.TC001_ChooseCountry -->
      <class name="testcase.TC012_RemoveAnItem">
        <test-method is-config="true" signature="browserLaunch(java.lang.String,java.lang.String)[pri:0, instance:testcase.TC012_RemoveAnItem@31c7528f]" started-at="2023-12-20T09:12:50 IST" name="browserLaunch" finished-at="2023-12-20T09:13:17 IST" duration-ms="26700" status="PASS">
          <params>
            <param index="0">
              <value>
                <![CDATA[https://www.bestbuy.com/]]>
              </value>
            </param>
            <param index="1">
              <value>
                <![CDATA[chrome]]>
              </value>
            </param>
          </params>
          <reporter-output>
          </reporter-output>
        </test-method> <!-- browserLaunch -->
        <test-method signature="removeItem()[pri:0, instance:testcase.TC012_RemoveAnItem@31c7528f]" started-at="2023-12-20T09:13:17 IST" name="removeItem" finished-at="2023-12-20T09:15:19 IST" duration-ms="121610" status="PASS">
          <reporter-output>
          </reporter-output>
        </test-method> <!-- removeItem -->
        <test-method is-config="true" signature="closeBrowser()[pri:0, instance:testcase.TC012_RemoveAnItem@31c7528f]" started-at="2023-12-20T09:15:19 IST" name="closeBrowser" finished-at="2023-12-20T09:15:19 IST" duration-ms="328" status="PASS">
          <reporter-output>
          </reporter-output>
        </test-method> <!-- closeBrowser -->
      </class> <!-- testcase.TC012_RemoveAnItem -->
      <class name="testcase.TC010_SaveAnItem">
        <test-method is-config="true" signature="browserLaunch(java.lang.String,java.lang.String)[pri:0, instance:testcase.TC010_SaveAnItem@64c63c79]" started-at="2023-12-20T09:11:37 IST" name="browserLaunch" finished-at="2023-12-20T09:12:21 IST" duration-ms="44543" status="PASS">
          <params>
            <param index="0">
              <value>
                <![CDATA[https://www.bestbuy.com/]]>
              </value>
            </param>
            <param index="1">
              <value>
                <![CDATA[chrome]]>
              </value>
            </param>
          </params>
          <reporter-output>
          </reporter-output>
        </test-method> <!-- browserLaunch -->
        <test-method signature="saveAnItemTest()[pri:0, instance:testcase.TC010_SaveAnItem@64c63c79]" started-at="2023-12-20T09:12:21 IST" name="saveAnItemTest" finished-at="2023-12-20T09:12:49 IST" duration-ms="28112" status="PASS">
          <reporter-output>
          </reporter-output>
        </test-method> <!-- saveAnItemTest -->
        <test-method is-config="true" signature="closeBrowser()[pri:0, instance:testcase.TC010_SaveAnItem@64c63c79]" started-at="2023-12-20T09:12:49 IST" name="closeBrowser" finished-at="2023-12-20T09:12:50 IST" duration-ms="1030" status="PASS">
          <reporter-output>
          </reporter-output>
        </test-method> <!-- closeBrowser -->
      </class> <!-- testcase.TC010_SaveAnItem -->
      <class name="testcase.TC013_ForgetPassword">
        <test-method is-config="true" signature="setup()[pri:0, instance:testcase.TC013_ForgetPassword@2b76ff4e]" started-at="2023-12-20T08:58:15 IST" name="setup" finished-at="2023-12-20T08:58:15 IST" duration-ms="0" status="PASS">
          <reporter-output>
          </reporter-output>
        </test-method> <!-- setup -->
        <test-method is-config="true" signature="browserLaunch(java.lang.String,java.lang.String)[pri:0, instance:testcase.TC013_ForgetPassword@2b76ff4e]" started-at="2023-12-20T09:15:20 IST" name="browserLaunch" finished-at="2023-12-20T09:15:49 IST" duration-ms="28985" status="PASS">
          <params>
            <param index="0">
              <value>
                <![CDATA[https://www.bestbuy.com/]]>
              </value>
            </param>
            <param index="1">
              <value>
                <![CDATA[chrome]]>
              </value>
            </param>
          </params>
          <reporter-output>
          </reporter-output>
        </test-method> <!-- browserLaunch -->
        <test-method signature="forgetPasswordTest(java.lang.String,java.lang.String)[pri:0, instance:testcase.TC013_ForgetPassword@2b76ff4e]" started-at="2023-12-20T09:15:49 IST" name="forgetPasswordTest" data-provider="getData" finished-at="2023-12-20T09:16:14 IST" duration-ms="25266" status="PASS">
          <params>
            <param index="0">
              <value>
                <![CDATA[project0304@gmail.com]]>
              </value>
            </param>
            <param index="1">
              <value>
                <![CDATA[Please enter your email address.]]>
              </value>
            </param>
          </params>
          <reporter-output>
          </reporter-output>
        </test-method> <!-- forgetPasswordTest -->
        <test-method is-config="true" signature="closeBrowser()[pri:0, instance:testcase.TC013_ForgetPassword@2b76ff4e]" started-at="2023-12-20T09:16:14 IST" name="closeBrowser" finished-at="2023-12-20T09:16:16 IST" duration-ms="2144" status="PASS">
          <reporter-output>
          </reporter-output>
        </test-method> <!-- closeBrowser -->
      </class> <!-- testcase.TC013_ForgetPassword -->
      <class name="testcase.TC009_AddItem">
        <test-method is-config="true" signature="setup()[pri:0, instance:testcase.TC009_AddItem@466276d8]" started-at="2023-12-20T08:58:15 IST" name="setup" finished-at="2023-12-20T08:58:15 IST" duration-ms="0" status="PASS">
          <reporter-output>
          </reporter-output>
        </test-method> <!-- setup -->
        <test-method is-config="true" signature="browserLaunch(java.lang.String,java.lang.String)[pri:0, instance:testcase.TC009_AddItem@466276d8]" started-at="2023-12-20T09:06:18 IST" name="browserLaunch" finished-at="2023-12-20T09:07:16 IST" duration-ms="58314" status="PASS">
          <params>
            <param index="0">
              <value>
                <![CDATA[https://www.bestbuy.com/]]>
              </value>
            </param>
            <param index="1">
              <value>
                <![CDATA[chrome]]>
              </value>
            </param>
          </params>
          <reporter-output>
          </reporter-output>
        </test-method> <!-- browserLaunch -->
        <test-method signature="addItemToCart(java.lang.String,java.lang.String,java.lang.String,java.lang.String,java.lang.String,java.lang.String,java.lang.String,java.lang.String)[pri:0, instance:testcase.TC009_AddItem@466276d8]" started-at="2023-12-20T09:07:16 IST" name="addItemToCart" data-provider="getData" finished-at="2023-12-20T09:11:33 IST" duration-ms="256969" status="PASS">
          <params>
            <param index="0">
              <value>
                <![CDATA[Apple earpods]]>
              </value>
            </param>
            <param index="1">
              <value>
                <![CDATA[Added to cart]]>
              </value>
            </param>
            <param index="2">
              <value>
                <![CDATA[Saran]]>
              </value>
            </param>
            <param index="3">
              <value>
                <![CDATA[R]]>
              </value>
            </param>
            <param index="4">
              <value>
                <![CDATA[Hosur]]>
              </value>
            </param>
            <param index="5">
              <value>
                <![CDATA[Hosur]]>
              </value>
            </param>
            <param index="6">
              <value>
                <![CDATA[TN]]>
              </value>
            </param>
            <param index="7">
              <value>
                <![CDATA[678456]]>
              </value>
            </param>
          </params>
          <reporter-output>
          </reporter-output>
        </test-method> <!-- addItemToCart -->
        <test-method is-config="true" signature="closeBrowser()[pri:0, instance:testcase.TC009_AddItem@466276d8]" started-at="2023-12-20T09:11:33 IST" name="closeBrowser" finished-at="2023-12-20T09:11:37 IST" duration-ms="3071" status="PASS">
          <reporter-output>
          </reporter-output>
        </test-method> <!-- closeBrowser -->
      </class> <!-- testcase.TC009_AddItem -->
      <class name="testcase.TC003_RegisterNega">
        <test-method is-config="true" signature="setup()[pri:0, instance:testcase.TC003_RegisterNega@42b02722]" started-at="2023-12-20T08:58:15 IST" name="setup" finished-at="2023-12-20T08:58:15 IST" duration-ms="0" status="PASS">
          <reporter-output>
          </reporter-output>
        </test-method> <!-- setup -->
        <test-method is-config="true" signature="browserLaunch(java.lang.String,java.lang.String)[pri:0, instance:testcase.TC003_RegisterNega@42b02722]" started-at="2023-12-20T09:00:27 IST" name="browserLaunch" finished-at="2023-12-20T09:01:13 IST" duration-ms="46159" status="PASS">
          <params>
            <param index="0">
              <value>
                <![CDATA[https://www.bestbuy.com/]]>
              </value>
            </param>
            <param index="1">
              <value>
                <![CDATA[chrome]]>
              </value>
            </param>
          </params>
          <reporter-output>
          </reporter-output>
        </test-method> <!-- browserLaunch -->
        <test-method signature="registerNegative(java.lang.String,java.lang.String,java.lang.String,java.lang.String,java.lang.String,java.lang.String)[pri:0, instance:testcase.TC003_RegisterNega@42b02722]" started-at="2023-12-20T09:01:13 IST" name="registerNegative" data-provider="getData" finished-at="2023-12-20T09:01:38 IST" duration-ms="24626" status="PASS">
          <params>
            <param index="0">
              <value>
                <![CDATA[Input]]>
              </value>
            </param>
            <param index="1">
              <value>
                <![CDATA[User]]>
              </value>
            </param>
            <param index="2">
              <value>
                <![CDATA[pass123@gmail.com]]>
              </value>
            </param>
            <param index="3">
              <value>
                <![CDATA[Madras@123]]>
              </value>
            </param>
            <param index="4">
              <value>
                <![CDATA[Madras@123]]>
              </value>
            </param>
            <param index="5">
              <value>
                <![CDATA[8912456787]]>
              </value>
            </param>
          </params>
          <reporter-output>
          </reporter-output>
        </test-method> <!-- registerNegative -->
        <test-method is-config="true" signature="closeBrowser()[pri:0, instance:testcase.TC003_RegisterNega@42b02722]" started-at="2023-12-20T09:01:38 IST" name="closeBrowser" finished-at="2023-12-20T09:01:39 IST" duration-ms="622" status="PASS">
          <reporter-output>
          </reporter-output>
        </test-method> <!-- closeBrowser -->
      </class> <!-- testcase.TC003_RegisterNega -->
      <class name="testcase.TC004_SignIn">
        <test-method is-config="true" signature="setup()[pri:0, instance:testcase.TC004_SignIn@d62fe5b]" started-at="2023-12-20T08:58:15 IST" name="setup" finished-at="2023-12-20T08:58:15 IST" duration-ms="1" status="PASS">
          <reporter-output>
          </reporter-output>
        </test-method> <!-- setup -->
        <test-method is-config="true" signature="browserLaunch(java.lang.String,java.lang.String)[pri:0, instance:testcase.TC004_SignIn@d62fe5b]" started-at="2023-12-20T09:01:39 IST" name="browserLaunch" finished-at="2023-12-20T09:02:10 IST" duration-ms="30513" status="PASS">
          <params>
            <param index="0">
              <value>
                <![CDATA[https://www.bestbuy.com/]]>
              </value>
            </param>
            <param index="1">
              <value>
                <![CDATA[chrome]]>
              </value>
            </param>
          </params>
          <reporter-output>
          </reporter-output>
        </test-method> <!-- browserLaunch -->
        <test-method signature="signInTest(java.lang.String,java.lang.String)[pri:0, instance:testcase.TC004_SignIn@d62fe5b]" started-at="2023-12-20T09:02:10 IST" name="signInTest" data-provider="getData" finished-at="2023-12-20T09:02:45 IST" duration-ms="34888" status="PASS">
          <params>
            <param index="0">
              <value>
                <![CDATA[project0304@gmail.com]]>
              </value>
            </param>
            <param index="1">
              <value>
                <![CDATA[Madras@123]]>
              </value>
            </param>
          </params>
          <reporter-output>
          </reporter-output>
        </test-method> <!-- signInTest -->
        <test-method is-config="true" signature="closeBrowser()[pri:0, instance:testcase.TC004_SignIn@d62fe5b]" started-at="2023-12-20T09:02:45 IST" name="closeBrowser" finished-at="2023-12-20T09:02:45 IST" duration-ms="308" status="PASS">
          <reporter-output>
          </reporter-output>
        </test-method> <!-- closeBrowser -->
      </class> <!-- testcase.TC004_SignIn -->
    </test> <!-- ChromeTest -->
    <test started-at="2023-12-20T09:16:19 IST" name="EdgeTest" finished-at="2023-12-20T09:22:37 IST" duration-ms="378515">
      <class name="testcase.TC006_BrokenLink">
        <test-method is-config="true" signature="browserLaunch(java.lang.String,java.lang.String)[pri:0, instance:testcase.TC006_BrokenLink@22356acd]" started-at="2023-12-20T09:16:19 IST" name="browserLaunch" finished-at="2023-12-20T09:17:23 IST" duration-ms="64508" status="PASS">
          <params>
            <param index="0">
              <value>
                <![CDATA[https://www.bestbuy.com/]]>
              </value>
            </param>
            <param index="1">
              <value>
                <![CDATA[edge]]>
              </value>
            </param>
          </params>
          <reporter-output>
          </reporter-output>
        </test-method> <!-- browserLaunch -->
        <test-method signature="brokenLink()[pri:0, instance:testcase.TC006_BrokenLink@22356acd]" started-at="2023-12-20T09:17:23 IST" name="brokenLink" finished-at="2023-12-20T09:17:34 IST" duration-ms="10670" status="PASS">
          <reporter-output>
          </reporter-output>
        </test-method> <!-- brokenLink -->
        <test-method is-config="true" signature="closeBrowser()[pri:0, instance:testcase.TC006_BrokenLink@22356acd]" started-at="2023-12-20T09:17:34 IST" name="closeBrowser" finished-at="2023-12-20T09:17:35 IST" duration-ms="1134" status="PASS">
          <reporter-output>
          </reporter-output>
        </test-method> <!-- closeBrowser -->
      </class> <!-- testcase.TC006_BrokenLink -->
      <class name="testcase.TC014_FilterAnItem">
        <test-method is-config="true" signature="browserLaunch(java.lang.String,java.lang.String)[pri:0, instance:testcase.TC014_FilterAnItem@34f22f9d]" started-at="2023-12-20T09:21:08 IST" name="browserLaunch" finished-at="2023-12-20T09:21:46 IST" duration-ms="37637" status="PASS">
          <params>
            <param index="0">
              <value>
                <![CDATA[https://www.bestbuy.com/]]>
              </value>
            </param>
            <param index="1">
              <value>
                <![CDATA[edge]]>
              </value>
            </param>
          </params>
          <reporter-output>
          </reporter-output>
        </test-method> <!-- browserLaunch -->
        <test-method signature="filterAnItem()[pri:0, instance:testcase.TC014_FilterAnItem@34f22f9d]" started-at="2023-12-20T09:21:46 IST" name="filterAnItem" finished-at="2023-12-20T09:22:37 IST" duration-ms="51365" status="PASS">
          <reporter-output>
          </reporter-output>
        </test-method> <!-- filterAnItem -->
        <test-method is-config="true" signature="closeBrowser()[pri:0, instance:testcase.TC014_FilterAnItem@34f22f9d]" started-at="2023-12-20T09:22:37 IST" name="closeBrowser" finished-at="2023-12-20T09:22:37 IST" duration-ms="483" status="PASS">
          <reporter-output>
          </reporter-output>
        </test-method> <!-- closeBrowser -->
      </class> <!-- testcase.TC014_FilterAnItem -->
      <class name="testcase.TC007_BottomLink">
        <test-method is-config="true" signature="browserLaunch(java.lang.String,java.lang.String)[pri:0, instance:testcase.TC007_BottomLink@386f0da3]" started-at="2023-12-20T09:17:35 IST" name="browserLaunch" finished-at="2023-12-20T09:18:06 IST" duration-ms="30398" status="PASS">
          <params>
            <param index="0">
              <value>
                <![CDATA[https://www.bestbuy.com/]]>
              </value>
            </param>
            <param index="1">
              <value>
                <![CDATA[edge]]>
              </value>
            </param>
          </params>
          <reporter-output>
          </reporter-output>
        </test-method> <!-- browserLaunch -->
        <test-method signature="BottomLink()[pri:0, instance:testcase.TC007_BottomLink@386f0da3]" started-at="2023-12-20T09:18:06 IST" name="BottomLink" finished-at="2023-12-20T09:18:13 IST" duration-ms="7407" status="PASS">
          <reporter-output>
          </reporter-output>
        </test-method> <!-- BottomLink -->
        <test-method is-config="true" signature="closeBrowser()[pri:0, instance:testcase.TC007_BottomLink@386f0da3]" started-at="2023-12-20T09:18:13 IST" name="closeBrowser" finished-at="2023-12-20T09:18:13 IST" duration-ms="295" status="PASS">
          <reporter-output>
          </reporter-output>
        </test-method> <!-- closeBrowser -->
      </class> <!-- testcase.TC007_BottomLink -->
      <class name="testcase.TC011_HeadlessBrowser">
        <test-method signature="verifyTitle()[pri:0, instance:testcase.TC011_HeadlessBrowser@39655d3e]" started-at="2023-12-20T09:18:13 IST" name="verifyTitle" finished-at="2023-12-20T09:21:08 IST" duration-ms="174607" status="PASS">
          <reporter-output>
          </reporter-output>
        </test-method> <!-- verifyTitle -->
      </class> <!-- testcase.TC011_HeadlessBrowser -->
    </test> <!-- EdgeTest -->
  </suite> <!-- Suite -->
</testng-results>
